11/27/2020 5:53:59 PM: C:\Users\U1\Desktop\KeePass.lnk: Windows thinks this is not a file or directory path.
	Could be a permissions/security issue.
11/27/2020 5:54:00 PM: Could not read file: C:\Users\Public\Desktop\Notepad++.lnk
/t Reason: Access is denied. (Exception from HRESULT: 0x80070005 (E_ACCESSDENIED))
11/27/2020 5:54:00 PM: C:\Users\Public\Desktop\PowerShell.lnk: Windows thinks this is not a file or directory path.
	Could be a permissions/security issue.
11/27/2020 5:54:00 PM: C:\Users\U1\Desktop\Dropbox.lnk: Windows thinks this is not a file or directory path.
	Could be a permissions/security issue.
11/27/2020 5:54:00 PM: C:\Users\Public\Desktop\Google Chrome.lnk: Windows thinks this is not a file or directory path.
	Could be a permissions/security issue.
11/27/2020 5:54:00 PM: C:\Users\U1\Desktop\Wordpad.lnk: Windows thinks this is not a file or directory path.
	Could be a permissions/security issue.
11/27/2020 5:54:00 PM: C:\Users\Public\Desktop\Opera.lnk: Windows thinks this is not a file or directory path.
	Could be a permissions/security issue.
11/27/2020 5:54:00 PM: C:\Users\U1\Desktop\KeePass.lnk: Windows thinks this is not a file or directory path.
	Could be a permissions/security issue.
11/27/2020 5:54:00 PM: C:\Users\Public\Desktop\Google Chrome.lnk: Windows thinks this is not a file or directory path.
	Could be a permissions/security issue.
11/27/2020 5:54:00 PM: C:\Users\U1\Desktop\Wordpad.lnk: Windows thinks this is not a file or directory path.
	Could be a permissions/security issue.
11/27/2020 5:54:00 PM: C:\Users\U1\Desktop\Dropbox.lnk: Windows thinks this is not a file or directory path.
	Could be a permissions/security issue.
11/27/2020 5:54:00 PM: C:\Users\Public\Desktop\PowerShell.lnk: Windows thinks this is not a file or directory path.
	Could be a permissions/security issue.
11/27/2020 5:54:00 PM: Could not read file: C:\Users\Public\Desktop\Notepad++.lnk
/t Reason: Access is denied. (Exception from HRESULT: 0x80070005 (E_ACCESSDENIED))
11/27/2020 5:54:00 PM: C:\Users\U1\Desktop\KeePass.lnk: Windows thinks this is not a file or directory path.
	Could be a permissions/security issue.
11/27/2020 5:54:00 PM: C:\Users\Public\Desktop\Opera.lnk: Windows thinks this is not a file or directory path.
	Could be a permissions/security issue.
11/27/2020 5:54:00 PM: C:\Users\U1\Desktop\Dropbox.lnk: Windows thinks this is not a file or directory path.
	Could be a permissions/security issue.
11/27/2020 5:54:00 PM: C:\Users\Public\Desktop\PowerShell.lnk: Windows thinks this is not a file or directory path.
	Could be a permissions/security issue.
11/27/2020 5:55:04 PM: Could not read file: C:\Users\Public\Desktop\Notepad++.lnk
/t Reason: Class not registered

Class not registered

11/27/2020 5:55:18 PM: Could not read file: C:\Users\Public\Desktop\Notepad++.lnk
/t Reason: Class not registered

Class not registered

12/19/2024 10:21:40 AM: C:\Users\User\Desktop\Screenshot_1606181160.png: Windows thinks this is not a file or directory path.
	Could be a permissions/security issue.
12/19/2024 10:21:42 AM: Could not read file: C:\Users\Public\Desktop\Notepad++.lnk
/t Reason: Access is denied. (Exception from HRESULT: 0x80070005 (E_ACCESSDENIED))
12/19/2024 10:21:43 AM: Could not read file: C:\Users\Public\Desktop\Notepad++.lnk
/t Reason: Access is denied. (Exception from HRESULT: 0x80070005 (E_ACCESSDENIED))
12/19/2024 10:22:30 AM: Could not read file: C:\Users\Public\Desktop\Notepad++.lnk
/t Reason: Class not registered

Class not registered

12/19/2024 10:22:33 AM: Could not read file: C:\Users\Public\Desktop\Notepad++.lnk
/t Reason: Class not registered

Class not registered

12/19/2024 10:22:37 AM: Could not read file: C:\Users\Public\Desktop\Notepad++.lnk
/t Reason: Class not registered

Class not registered

12/19/2024 10:22:43 AM: Could not read file: C:\Users\Public\Desktop\Notepad++.lnk
/t Reason: Class not registered

Class not registered

12/19/2024 10:26:17 AM: Could not read file: C:\Users\Public\Desktop\Notepad++.lnk
/t Reason: Access is denied. (Exception from HRESULT: 0x80070005 (E_ACCESSDENIED))
12/19/2024 10:26:18 AM: Could not read file: C:\Users\Public\Desktop\Notepad++.lnk
/t Reason: Access is denied. (Exception from HRESULT: 0x80070005 (E_ACCESSDENIED))
12/19/2024 10:27:15 AM: Could not read file: C:\Users\Public\Desktop\Notepad++.lnk
/t Reason: Access is denied. (Exception from HRESULT: 0x80070005 (E_ACCESSDENIED))
12/19/2024 10:27:16 AM: Could not read file: C:\Users\Public\Desktop\Notepad++.lnk
/t Reason: Access is denied. (Exception from HRESULT: 0x80070005 (E_ACCESSDENIED))
12/19/2024 10:27:55 AM: Could not read file: C:\Users\Public\Desktop\Notepad++.lnk
/t Reason: Access is denied. (Exception from HRESULT: 0x80070005 (E_ACCESSDENIED))
12/19/2024 10:27:55 AM: Could not read file: C:\Users\Public\Desktop\Notepad++.lnk
/t Reason: Access is denied. (Exception from HRESULT: 0x80070005 (E_ACCESSDENIED))
12/19/2024 10:29:49 AM: Did not get a bitmap source from the file: C:\Users\User\Documents\GitHub\KickOff\KickOff\obj\Debug\TempPE System Error: C:\Users\User\Documents\GitHub\KickOff\KickOff\obj\Debug\TempPE
12/19/2024 10:30:03 AM: Icon source anomaly: Failed to load one or more icon(s) from C:\Users\User\Documents\GitHub\KickOff\KickOff\obj\Debug\TempPESystem Error: C:\Users\User\Documents\GitHub\KickOff\KickOff\obj\Debug\TempPE
12/19/2024 10:30:03 AM: Icon source anomaly: Failed to load one or more icon(s) from C:\Users\User\Documents\GitHub\KickOff\KickOff\obj\Debug\TempPESystem Error: C:\Users\User\Documents\GitHub\KickOff\KickOff\obj\Debug\TempPE
12/19/2024 10:31:33 AM: Could not read file: C:\Users\Public\Desktop\Notepad++.lnk
/t Reason: Access is denied. (Exception from HRESULT: 0x80070005 (E_ACCESSDENIED))
12/19/2024 10:31:33 AM: Could not read file: C:\Users\Public\Desktop\Notepad++.lnk
/t Reason: Access is denied. (Exception from HRESULT: 0x80070005 (E_ACCESSDENIED))
12/19/2024 11:56:55 AM: Could not read file: C:\Users\Public\Desktop\Notepad++.lnk
/t Reason: Access is denied. (Exception from HRESULT: 0x80070005 (E_ACCESSDENIED))
12/19/2024 11:56:56 AM: Could not read file: C:\Users\Public\Desktop\Notepad++.lnk
/t Reason: Access is denied. (Exception from HRESULT: 0x80070005 (E_ACCESSDENIED))
12/19/2024 6:12:01 PM: Could not read file: C:\Users\Public\Desktop\Notepad++.lnk
/t Reason: Access is denied. (Exception from HRESULT: 0x80070005 (E_ACCESSDENIED))
12/19/2024 6:12:02 PM: Could not read file: C:\Users\Public\Desktop\Notepad++.lnk
/t Reason: Access is denied. (Exception from HRESULT: 0x80070005 (E_ACCESSDENIED))
12/19/2024 6:14:55 PM: Could not read file: C:\Users\Public\Desktop\Notepad++.lnk
/t Reason: Access is denied. (Exception from HRESULT: 0x80070005 (E_ACCESSDENIED))
12/19/2024 6:14:55 PM: Could not read file: C:\Users\Public\Desktop\Notepad++.lnk
/t Reason: Access is denied. (Exception from HRESULT: 0x80070005 (E_ACCESSDENIED))
12/19/2024 6:16:54 PM: Could not read file: C:\Users\Public\Desktop\Notepad++.lnk
/t Reason: Access is denied. (Exception from HRESULT: 0x80070005 (E_ACCESSDENIED))
12/19/2024 6:33:54 PM: Could not read file: C:\Users\Public\Desktop\Notepad++.lnk
/t Reason: Access is denied. (Exception from HRESULT: 0x80070005 (E_ACCESSDENIED))
12/19/2024 6:34:45 PM: Could not read file: C:\Users\Public\Desktop\Notepad++.lnk
/t Reason: Access is denied. (Exception from HRESULT: 0x80070005 (E_ACCESSDENIED))
12/20/2024 1:58:36 PM: Could not read file: C:\Users\Public\Desktop\Notepad++.lnk
/t Reason: Access is denied. (Exception from HRESULT: 0x80070005 (E_ACCESSDENIED))
12/20/2024 2:09:45 PM: Could not read file: C:\Users\Public\Desktop\Notepad++.lnk
/t Reason: Access is denied. (Exception from HRESULT: 0x80070005 (E_ACCESSDENIED))
12/20/2024 2:14:07 PM: Could not read file: C:\Users\Public\Desktop\Notepad++.lnk
/t Reason: Access is denied. (Exception from HRESULT: 0x80070005 (E_ACCESSDENIED))

12/20/2024 3:04:18 PM: Could not read file: C:\Users\Public\Desktop\Notepad++.lnk
Reason: Access is denied. (Exception from HRESULT: 0x80070005 (E_ACCESSDENIED))
12/20/2024 3:04:41 PM: Could not read file: C:\Users\Public\Desktop\Notepad++.lnk
Reason: Access is denied. (Exception from HRESULT: 0x80070005 (E_ACCESSDENIED))
12/20/2024 3:06:34 PM: Could not read file: C:\Users\Public\Desktop\Notepad++.lnk
Reason: Access is denied. (Exception from HRESULT: 0x80070005 (E_ACCESSDENIED))
12/20/2024 3:07:12 PM: Could not read file: C:\Users\Public\Desktop\Notepad++.lnk
Reason: Access is denied. (Exception from HRESULT: 0x80070005 (E_ACCESSDENIED))
12/20/2024 3:08:30 PM: Could not read file: C:\Users\Public\Desktop\Notepad++.lnk
Reason: Access is denied. (Exception from HRESULT: 0x80070005 (E_ACCESSDENIED))
12/20/2024 3:09:09 PM: Could not read file: C:\Users\Public\Desktop\Notepad++.lnk
Reason: Access is denied. (Exception from HRESULT: 0x80070005 (E_ACCESSDENIED))
12/20/2024 3:09:47 PM: Could not read file: C:\Users\Public\Desktop\Notepad++.lnk
Reason: Access is denied. (Exception from HRESULT: 0x80070005 (E_ACCESSDENIED))
12/20/2024 3:14:54 PM: Could not read file: C:\Users\Public\Desktop\Thunderbird.lnk
Reason: Access is denied. (Exception from HRESULT: 0x80070005 (E_ACCESSDENIED))
